{
  "RSpec": {
    "coverage": {
      "/Users/davidscott/Projects/bank_tech_test/spec/bank_account_spec.rb": {
        "lines": [
          1,
          null,
          1,
          1,
          0,
          0,
          null,
          null,
          null
        ]
      },
      "/Users/davidscott/Projects/bank_tech_test/lib/bank_account.rb": {
        "lines": [
          1,
          null,
          1,
          0,
          null,
          null,
          1,
          0,
          null,
          null,
          null
        ]
      },
      "/Users/davidscott/Projects/bank_tech_test/spec/integration_test_spec.rb": {
        "lines": [
          1,
          1,
          null,
          0,
          0,
          0,
          0,
          0,
          null,
          null
        ]
      },
      "/Users/davidscott/Projects/bank_tech_test/spec/transaction_spec.rb": {
        "lines": [

        ]
      }
    },
    "timestamp": 1676977153
  },
  "Unit Tests": {
    "coverage": {
      "/Users/davidscott/Projects/bank_tech_test/spec/integration_test_spec.rb": {
        "lines": [
          1,
          1,
          null,
          1,
          null,
          1,
          1,
          1,
          1,
          null,
          null,
          1,
          1,
          1,
          1,
          null,
          null,
          1,
          1,
          1,
          1,
          1,
          null,
          null,
          1,
          1,
          1,
          1,
          1,
          1,
          null,
          null,
          1,
          1,
          1,
          1,
          1,
          null,
          null,
          1,
          1,
          1,
          1,
          1,
          null,
          null,
          null,
          null,
          null,
          null,
          null,
          null,
          null,
          null,
          null,
          null,
          null,
          null,
          null,
          null,
          null
        ]
      },
      "/Users/davidscott/Projects/bank_tech_test/lib/bank_account.rb": {
        "lines": [
          1,
          null,
          1,
          6,
          null,
          null,
          1,
          4,
          4,
          null,
          null,
          1,
          3,
          3,
          null,
          null,
          1,
          7,
          7,
          7,
          8,
          5,
          5,
          null,
          3,
          3,
          null,
          null,
          7,
          null,
          null,
          null
        ]
      },
      "/Users/davidscott/Projects/bank_tech_test/lib/transaction.rb": {
        "lines": [
          1,
          1,
          null,
          1,
          7,
          7,
          7,
          null,
          null
        ]
      }
    },
    "timestamp": 1676978632
  }
}
